<?xml version="1.0" encoding="UTF-8"?>
<!-- Generated by org.testng.reporters.JUnitXMLReporter -->
<testsuite hostname="qa-akotkar" ignored="1" name="Group Demo" tests="2" failures="0" timestamp="31 Mar 2020 05:42:28 GMT" time="0.03" errors="0">
  <testcase name="method1" time="0.009" classname="suite1.GP"/>
  <testcase name="method3" time="0.001" classname="suite1.GP"/>
  <testcase name="method2" time="0.0" classname="suite1.GP">
    <ignored/>
  </testcase> <!-- method2 -->
</testsuite> <!-- Group Demo -->
