<?xml version="1.0" encoding="UTF-8"?>
<testng-results skipped="0" failed="0" ignored="0" total="3" passed="3">
  <reporter-output>
  </reporter-output>
  <suite name="Suit1" duration-ms="34" started-at="2020-03-31T10:57:26Z" finished-at="2020-03-31T10:57:26Z">
    <groups>
      <group name="Group1">
        <method signature="GP.method1()[pri:0, instance:suite1.GP@548a9f61]" name="method1" class="suite1.GP"/>
        <method signature="GP.method3()[pri:0, instance:suite1.GP@548a9f61]" name="method3" class="suite1.GP"/>
      </group> <!-- Group1 -->
      <group name="Group2">
        <method signature="GP.method2()[pri:0, instance:suite1.GP@548a9f61]" name="method2" class="suite1.GP"/>
        <method signature="GP.method3()[pri:0, instance:suite1.GP@548a9f61]" name="method3" class="suite1.GP"/>
      </group> <!-- Group2 -->
    </groups>
    <test name="Group Demo" duration-ms="34" started-at="2020-03-31T10:57:26Z" finished-at="2020-03-31T10:57:26Z">
      <class name="suite1.GP">
        <test-method status="PASS" signature="method1()[pri:0, instance:suite1.GP@548a9f61]" name="method1" duration-ms="9" started-at="2020-03-31T10:57:26Z" finished-at="2020-03-31T10:57:26Z">
          <reporter-output>
          </reporter-output>
        </test-method> <!-- method1 -->
        <test-method status="PASS" signature="method2()[pri:0, instance:suite1.GP@548a9f61]" name="method2" duration-ms="1" started-at="2020-03-31T10:57:26Z" finished-at="2020-03-31T10:57:26Z">
          <reporter-output>
          </reporter-output>
        </test-method> <!-- method2 -->
        <test-method status="PASS" signature="method3()[pri:0, instance:suite1.GP@548a9f61]" name="method3" duration-ms="1" started-at="2020-03-31T10:57:26Z" finished-at="2020-03-31T10:57:26Z">
          <reporter-output>
          </reporter-output>
        </test-method> <!-- method3 -->
      </class> <!-- suite1.GP -->
    </test> <!-- Group Demo -->
  </suite> <!-- Suit1 -->
</testng-results>
